0 info it worked if it ends with ok
1 verbose cli [ 'C:\\Program Files (x86)\\Microsoft Visual Studio\\2017\\Enterprise\\Web\\External\\Node.exe',
1 verbose cli   'C:\\Program Files (x86)\\Microsoft Visual Studio\\2017\\Enterprise\\Web\\External\\node_modules\\npm\\bin\\npm-cli.js',
1 verbose cli   'run',
1 verbose cli   'buildProduction',
1 verbose cli   '--color=always' ]
2 info using npm@3.3.4
3 info using node@v5.4.1
4 verbose run-script [ 'prebuildProduction',
4 verbose run-script   'buildProduction',
4 verbose run-script   'postbuildProduction' ]
5 info lifecycle angular-webpack-visualstudio@1.0.0~prebuildProduction: angular-webpack-visualstudio@1.0.0
6 silly lifecycle angular-webpack-visualstudio@1.0.0~prebuildProduction: no script for prebuildProduction, continuing
7 info lifecycle angular-webpack-visualstudio@1.0.0~buildProduction: angular-webpack-visualstudio@1.0.0
8 verbose lifecycle angular-webpack-visualstudio@1.0.0~buildProduction: unsafe-perm in lifecycle true
9 verbose lifecycle angular-webpack-visualstudio@1.0.0~buildProduction: PATH: C:\Program Files (x86)\Microsoft Visual Studio\2017\Enterprise\Web\External\node_modules\npm\bin\node-gyp-bin;C:\Development\Sooof Web\Sooof.WebApplication\src\Sooof.WebApplicationV2\node_modules\.bin;.\node_modules\.bin;C:\Program Files (x86)\Microsoft Visual Studio\2017\Enterprise\Web\External;C:\Program Files\Common Files\Microsoft Shared\Windows Live;C:\Windows\system32;C:\Windows;C:\Windows\System32\Wbem;C:\Windows\System32\WindowsPowerShell\v1.0\;C:\Windows\System32\WindowsPowerShell\v1.0\;C:\Program Files (x86)\Windows Kits\8.1\Windows Performance Toolkit\;C:\Program Files\Microsoft SQL Server\120\Tools\Binn\;C:\Program Files\Microsoft SQL Server\130\Tools\Binn\;C:\Program Files\Microsoft DNX\Dnvm\;C:\Program Files\Microsoft SQL Server\Client SDK\ODBC\110\Tools\Binn\;C:\Program Files (x86)\Microsoft SQL Server\120\Tools\Binn\ManagementStudio\;C:\Program Files (x86)\Microsoft SQL Server\120\Tools\Binn\;C:\Program Files (x86)\Microsoft SQL Server\120\DTS\Binn\;C:\Program Files\Microsoft SQL Server\120\DTS\Binn\;C:\Program Files (x86)\Microsoft SQL Server\Client SDK\ODBC\130\Tools\Binn\;C:\Program Files (x86)\Microsoft SQL Server\130\Tools\Binn\;C:\Program Files (x86)\Microsoft SQL Server\130\DTS\Binn\;C:\Program Files (x86)\Microsoft SQL Server\130\Tools\Binn\ManagementStudio\;C:\Program Files\Microsoft\Web Platform Installer\;C:\Program Files\nodejs\;C:\Program Files\TortoiseGit\bin;C:\Program Files\dotnet\;C:\Program Files\Git\cmd;C:\Program Files\Common Files\Microsoft Shared\Windows Live;C:\Users\vahram.iritsyan\AppData\Roaming\npm;C:\Program Files (x86)\Microsoft Visual Studio\2017\Enterprise\Common7\IDE\CommonExtensions\Microsoft\TeamFoundation\Team Explorer\Git\cmd;C:\Program Files (x86)\Microsoft Visual Studio\2017\Enterprise\Common7\IDE\CommonExtensions\Microsoft\TeamFoundation\Team Explorer\Git\mingw32\bin
10 verbose lifecycle angular-webpack-visualstudio@1.0.0~buildProduction: CWD: C:\Development\Sooof Web\Sooof.WebApplication\src\Sooof.WebApplicationV2
11 silly lifecycle angular-webpack-visualstudio@1.0.0~buildProduction: Args: [ '/d /s /c',
11 silly lifecycle   'npm run ngc && SET NODE_ENV=production && webpack -d --color' ]
12 silly lifecycle angular-webpack-visualstudio@1.0.0~buildProduction: Returned: code: 1  signal: null
13 info lifecycle angular-webpack-visualstudio@1.0.0~buildProduction: Failed to exec buildProduction script
14 verbose stack Error: angular-webpack-visualstudio@1.0.0 buildProduction: `npm run ngc && SET NODE_ENV=production && webpack -d --color`
14 verbose stack Exit status 1
14 verbose stack     at EventEmitter.<anonymous> (C:\Program Files (x86)\Microsoft Visual Studio\2017\Enterprise\Web\External\node_modules\npm\lib\utils\lifecycle.js:233:16)
14 verbose stack     at emitTwo (events.js:87:13)
14 verbose stack     at EventEmitter.emit (events.js:172:7)
14 verbose stack     at ChildProcess.<anonymous> (C:\Program Files (x86)\Microsoft Visual Studio\2017\Enterprise\Web\External\node_modules\npm\lib\utils\spawn.js:24:14)
14 verbose stack     at emitTwo (events.js:87:13)
14 verbose stack     at ChildProcess.emit (events.js:172:7)
14 verbose stack     at maybeClose (internal/child_process.js:821:16)
14 verbose stack     at Process.ChildProcess._handle.onexit (internal/child_process.js:211:5)
15 verbose pkgid angular-webpack-visualstudio@1.0.0
16 verbose cwd C:\Development\Sooof Web\Sooof.WebApplication\src\Sooof.WebApplicationV2
17 error Windows_NT 6.1.7601
18 error argv "C:\\Program Files (x86)\\Microsoft Visual Studio\\2017\\Enterprise\\Web\\External\\Node.exe" "C:\\Program Files (x86)\\Microsoft Visual Studio\\2017\\Enterprise\\Web\\External\\node_modules\\npm\\bin\\npm-cli.js" "run" "buildProduction" "--color=always"
19 error node v5.4.1
20 error npm  v3.3.4
21 error code ELIFECYCLE
22 error angular-webpack-visualstudio@1.0.0 buildProduction: `npm run ngc && SET NODE_ENV=production && webpack -d --color`
22 error Exit status 1
23 error Failed at the angular-webpack-visualstudio@1.0.0 buildProduction script 'npm run ngc && SET NODE_ENV=production && webpack -d --color'.
23 error This is most likely a problem with the angular-webpack-visualstudio package,
23 error not with npm itself.
23 error Tell the author that this fails on your system:
23 error     npm run ngc && SET NODE_ENV=production && webpack -d --color
23 error You can get their info via:
23 error     npm owner ls angular-webpack-visualstudio
23 error There is likely additional logging output above.
24 verbose exit [ 1, true ]
